<<<<<<< HEAD
<<<<<<< HEAD
﻿Build started 2019/9/12 16:42:13.
=======
﻿Build started 2019/9/12 16:06:31.
>>>>>>> Minus
=======
﻿Build started 2019/9/12 15:49:44.
>>>>>>> Addition
     1>Project "C:\yujian.liu\GitPractice\AddMinusMultiDiv\AddMinusMultiDiv\AddMinusMultiDiv.vcxproj" on node 2 (Build target(s)).
     1>ClCompile:
         C:\Program Files (x86)\Microsoft Visual Studio 12.0\VC\bin\CL.exe /c /ZI /nologo /W3 /WX- /sdl /Od /Oy- /D WIN32 /D _DEBUG /D _CONSOLE /D _LIB /D _UNICODE /D UNICODE /Gm /EHsc /RTC1 /MDd /GS /fp:precise /Zc:wchar_t /Zc:forScope /Fo"Debug\\" /Fd"Debug\vc120.pdb" /Gd /TP /analyze- /errorReport:prompt division.cpp
         division.cpp
         C:\Program Files (x86)\Microsoft Visual Studio 12.0\VC\bin\CL.exe /c /ZI /nologo /W3 /WX- /sdl /Od /Oy- /D WIN32 /D _DEBUG /D _CONSOLE /D _LIB /D _UNICODE /D UNICODE /Gm /EHsc /RTC1 /MDd /GS /fp:precise /Zc:wchar_t /Zc:forScope /Fo"Debug\\" /Fd"Debug\vc120.pdb" /Gd /TC /analyze- /errorReport:prompt main.c multi.c
         multi.c
         main.c
<<<<<<< HEAD
<<<<<<< HEAD
         Generating Code...
       Link:
         C:\Program Files (x86)\Microsoft Visual Studio 12.0\VC\bin\link.exe /ERRORREPORT:PROMPT /OUT:"C:\yujian.liu\GitPractice\AddMinusMultiDiv\Debug\AddMinusMultiDiv.exe" /INCREMENTAL /NOLOGO kernel32.lib user32.lib gdi32.lib winspool.lib comdlg32.lib advapi32.lib shell32.lib ole32.lib oleaut32.lib uuid.lib odbc32.lib odbccp32.lib /MANIFEST /MANIFESTUAC:"level='asInvoker' uiAccess='false'" /manifest:embed /DEBUG /PDB:"C:\yujian.liu\GitPractice\AddMinusMultiDiv\Debug\AddMinusMultiDiv.pdb" /SUBSYSTEM:CONSOLE /TLBID:1 /DYNAMICBASE /NXCOMPAT /IMPLIB:"C:\yujian.liu\GitPractice\AddMinusMultiDiv\Debug\AddMinusMultiDiv.lib" /MACHINE:X86 Debug\division.obj
         Debug\main.obj
         Debug\multi.obj
         LINK : C:\yujian.liu\GitPractice\AddMinusMultiDiv\Debug\AddMinusMultiDiv.exe not found or not built by the last incremental link; performing full link
=======
     1>c:\yujian.liu\gitpractice\addminusmultidiv\addminusmultidiv\main.c(5): warning C4013: 'myMinus' undefined; assuming extern returning int
       Link:
         C:\Program Files (x86)\Microsoft Visual Studio 12.0\VC\bin\link.exe /ERRORREPORT:PROMPT /OUT:"C:\yujian.liu\GitPractice\AddMinusMultiDiv\Debug\AddMinusMultiDiv.exe" /INCREMENTAL /NOLOGO kernel32.lib user32.lib gdi32.lib winspool.lib comdlg32.lib advapi32.lib shell32.lib ole32.lib oleaut32.lib uuid.lib odbc32.lib odbccp32.lib /MANIFEST /MANIFESTUAC:"level='asInvoker' uiAccess='false'" /manifest:embed /DEBUG /PDB:"C:\yujian.liu\GitPractice\AddMinusMultiDiv\Debug\AddMinusMultiDiv.pdb" /SUBSYSTEM:CONSOLE /TLBID:1 /DYNAMICBASE /NXCOMPAT /IMPLIB:"C:\yujian.liu\GitPractice\AddMinusMultiDiv\Debug\AddMinusMultiDiv.lib" /MACHINE:X86 Debug\main.obj
         Debug\minus.obj
>>>>>>> Minus
=======
     1>c:\yujian.liu\gitpractice\addminusmultidiv\addminusmultidiv\main.c(6): warning C4013: 'myAdd' undefined; assuming extern returning int
       Link:
         C:\Program Files (x86)\Microsoft Visual Studio 12.0\VC\bin\link.exe /ERRORREPORT:PROMPT /OUT:"C:\yujian.liu\GitPractice\AddMinusMultiDiv\Debug\AddMinusMultiDiv.exe" /INCREMENTAL /NOLOGO kernel32.lib user32.lib gdi32.lib winspool.lib comdlg32.lib advapi32.lib shell32.lib ole32.lib oleaut32.lib uuid.lib odbc32.lib odbccp32.lib /MANIFEST /MANIFESTUAC:"level='asInvoker' uiAccess='false'" /manifest:embed /DEBUG /PDB:"C:\yujian.liu\GitPractice\AddMinusMultiDiv\Debug\AddMinusMultiDiv.pdb" /SUBSYSTEM:CONSOLE /TLBID:1 /DYNAMICBASE /NXCOMPAT /IMPLIB:"C:\yujian.liu\GitPractice\AddMinusMultiDiv\Debug\AddMinusMultiDiv.lib" /MACHINE:X86 Debug\add.obj
         Debug\main.obj
>>>>>>> Addition
         AddMinusMultiDiv.vcxproj -> C:\yujian.liu\GitPractice\AddMinusMultiDiv\Debug\AddMinusMultiDiv.exe
     1>Done Building Project "C:\yujian.liu\GitPractice\AddMinusMultiDiv\AddMinusMultiDiv\AddMinusMultiDiv.vcxproj" (Build target(s)).

Build succeeded.

<<<<<<< HEAD
<<<<<<< HEAD
Time Elapsed 00:00:01.23
=======
Time Elapsed 00:00:00.59
>>>>>>> Minus
=======
Time Elapsed 00:00:00.76
>>>>>>> Addition
